<?xml version="1.0" encoding="UTF-8"?>
<!-- Generated by org.testng.reporters.JUnitXMLReporter -->
<testsuite hostname="YY172619" ignored="0" name="Test for MR with Chrome Browser" tests="0" failures="0" timestamp="23 Jul 2019 11:07:39 GMT" time="0.079" errors="0">
  <testcase name="@BeforeClass beforeclass" time="0.015" classname="testRunner.TestRunner">
    <failure type="java.lang.IllegalArgumentException" message="No enum constant TestBase.Webdriver.BROWSERS.chrome">
      <![CDATA[java.lang.IllegalArgumentException: No enum constant TestBase.Webdriver.BROWSERS.chrome
at java.lang.Enum.valueOf(Unknown Source)
at TestBase.Webdriver$BROWSERS.valueOf(Webdriver.java:1)
at testRunner.TestRunner.beforeclass(TestRunner.java:27)
at java.util.concurrent.ThreadPoolExecutor.runWorker(Unknown Source)
at java.util.concurrent.ThreadPoolExecutor$Worker.run(Unknown Source)
at java.lang.Thread.run(Unknown Source)
... Removed 11 stack frames]]>
    </failure>
  </testcase> <!-- @BeforeClass beforeclass -->
  <testcase name="@AfterClass tearup" time="0.0" classname="testRunner.TestRunner">
    <skipped/>
  </testcase> <!-- @AfterClass tearup -->
</testsuite> <!-- Test for MR with Chrome Browser -->
